<?xml version="1.0" encoding="UTF-8"?>
<!-- Generated by org.testng.reporters.JUnitXMLReporter -->
<testsuite ignored="0" hostname="DESKTOP-F1RHDCE" failures="0" tests="5" name="Surefire test" time="21.251" errors="0" timestamp="2024-01-07T00:28:16 IST">
  <testcase classname="rahulshettyacademy.selenium_java.tests.ErrorValidationTest" name="loginErrorValidation" time="0.382"/>
  <testcase classname="rahulshettyacademy.selenium_java.tests.ErrorValidationTest" name="productErrorValidation" time="2.753"/>
  <testcase classname="rahulshettyacademy.selenium_java.tests.StandAloneTest" name="submitOrderTest" time="3.572"/>
  <testcase classname="rahulshettyacademy.selenium_java.tests.StandAloneTest" name="submitOrderTest" time="3.557"/>
  <testcase classname="rahulshettyacademy.selenium_java.tests.StandAloneTest" name="orderHistoryTest" time="0.586"/>
</testsuite> <!-- Surefire test -->
