<?xml version="1.0" encoding="UTF-8"?>
<!-- Generated by org.testng.reporters.JUnitXMLReporter -->
<testsuite ignored="0" hostname="DESKTOP-F1RHDCE" failures="0" tests="2" name="Default test" time="12.783" errors="0" timestamp="2024-01-02T22:57:30 IST">
  <testcase classname="rahulshettyacademy.selenium_java.tests.ErrorValidationTest" name="loginErrorValidation" time="0.388"/>
  <testcase classname="rahulshettyacademy.selenium_java.tests.ErrorValidationTest" name="productErrorValidation" time="2.839"/>
</testsuite> <!-- Default test -->
