<?xml version="1.0" encoding="UTF-8"?>
<!-- Generated by org.testng.reporters.JUnitXMLReporter -->
<testsuite ignored="2" hostname="DESKTOP-F1RHDCE" failures="0" tests="0" time="0.042" errors="0" timestamp="2023-12-09T19:25:38 IST">
  <testcase classname="rahulshettyacademy.selenium_java.tests.StandAloneTest" name="orderHistoryTest" time="0.0">
    <ignored/>
  </testcase> <!-- orderHistoryTest -->
  <testcase classname="rahulshettyacademy.selenium_java.tests.StandAloneTest" name="submitOrderTest" time="0.0">
    <ignored/>
  </testcase> <!-- submitOrderTest -->
</testsuite>
