<?xml version="1.0" encoding="UTF-8"?>
<!-- Generated by org.testng.reporters.JUnitXMLReporter -->
<testsuite ignored="0" hostname="DESKTOP-F1RHDCE" failures="0" tests="3" name="StandAloneTest" time="23.06" errors="0" timestamp="2023-12-09T22:32:30 IST">
  <testcase classname="rahulshettyacademy.selenium_java.tests.StandAloneTest" name="submitOrderTest" time="4.728"/>
  <testcase classname="rahulshettyacademy.selenium_java.tests.StandAloneTest" name="submitOrderTest" time="4.663"/>
  <testcase classname="rahulshettyacademy.selenium_java.tests.StandAloneTest" name="orderHistoryTest" time="1.716"/>
</testsuite> <!-- StandAloneTest -->
