<?xml version="1.0" encoding="UTF-8"?>
<!-- Generated by org.testng.reporters.JUnitXMLReporter -->
<testsuite ignored="0" hostname="DESKTOP-F1RHDCE" failures="0" tests="5" name="Test" time="21.106" errors="0" timestamp="2023-12-09T12:59:19 IST">
  <testcase classname="rahulshettyacademy.selenium_java.tests.StandAloneTest" name="submitOrderTest" time="3.766"/>
  <testcase classname="rahulshettyacademy.selenium_java.tests.StandAloneTest" name="submitOrderTest" time="3.623"/>
  <testcase classname="rahulshettyacademy.selenium_java.tests.ErrorValidationTest" name="loginErrorValidation" time="0.863"/>
  <testcase classname="rahulshettyacademy.selenium_java.tests.ErrorValidationTest" name="productErrorValidation" time="2.792"/>
  <testcase classname="rahulshettyacademy.selenium_java.tests.StandAloneTest" name="orderHistoryTest" time="0.531"/>
</testsuite> <!-- Test -->
