<?xml version="1.0" encoding="UTF-8"?>
<testng-results ignored="0" total="2" passed="2" failed="0" skipped="0">
  <reporter-output>
  </reporter-output>
  <suite started-at="2024-01-02T22:57:17 IST" name="Default suite" finished-at="2024-01-02T22:57:29 IST" duration-ms="12783">
    <groups>
      <group name="Error Validation">
        <method signature="ErrorValidationTest.loginErrorValidation()[pri:0, instance:rahulshettyacademy.selenium_java.tests.ErrorValidationTest@38d8f54a]" name="loginErrorValidation" class="rahulshettyacademy.selenium_java.tests.ErrorValidationTest"/>
      </group> <!-- Error Validation -->
    </groups>
    <test started-at="2024-01-02T22:57:17 IST" name="Default test" finished-at="2024-01-02T22:57:29 IST" duration-ms="12783">
      <class name="rahulshettyacademy.selenium_java.tests.ErrorValidationTest">
        <test-method is-config="true" signature="launchingApplications()[pri:0, instance:rahulshettyacademy.selenium_java.tests.ErrorValidationTest@38d8f54a]" started-at="2024-01-02T22:57:17 IST" name="launchingApplications" finished-at="2024-01-02T22:57:22 IST" duration-ms="5533" status="PASS">
          <reporter-output>
          </reporter-output>
        </test-method> <!-- launchingApplications -->
        <test-method signature="loginErrorValidation()[pri:0, instance:rahulshettyacademy.selenium_java.tests.ErrorValidationTest@38d8f54a]" started-at="2024-01-02T22:57:22 IST" name="loginErrorValidation" finished-at="2024-01-02T22:57:23 IST" duration-ms="388" status="PASS">
          <reporter-output>
          </reporter-output>
        </test-method> <!-- loginErrorValidation -->
        <test-method is-config="true" signature="tearDown()[pri:0, instance:rahulshettyacademy.selenium_java.tests.ErrorValidationTest@38d8f54a]" started-at="2024-01-02T22:57:23 IST" name="tearDown" finished-at="2024-01-02T22:57:23 IST" duration-ms="65" status="PASS">
          <reporter-output>
          </reporter-output>
        </test-method> <!-- tearDown -->
        <test-method is-config="true" signature="launchingApplications()[pri:0, instance:rahulshettyacademy.selenium_java.tests.ErrorValidationTest@38d8f54a]" started-at="2024-01-02T22:57:23 IST" name="launchingApplications" finished-at="2024-01-02T22:57:27 IST" duration-ms="3824" status="PASS">
          <reporter-output>
          </reporter-output>
        </test-method> <!-- launchingApplications -->
        <test-method signature="productErrorValidation()[pri:0, instance:rahulshettyacademy.selenium_java.tests.ErrorValidationTest@38d8f54a]" started-at="2024-01-02T22:57:27 IST" name="productErrorValidation" finished-at="2024-01-02T22:57:29 IST" duration-ms="2839" status="PASS">
          <reporter-output>
          </reporter-output>
        </test-method> <!-- productErrorValidation -->
        <test-method is-config="true" signature="tearDown()[pri:0, instance:rahulshettyacademy.selenium_java.tests.ErrorValidationTest@38d8f54a]" started-at="2024-01-02T22:57:29 IST" name="tearDown" finished-at="2024-01-02T22:57:29 IST" duration-ms="78" status="PASS">
          <reporter-output>
          </reporter-output>
        </test-method> <!-- tearDown -->
      </class> <!-- rahulshettyacademy.selenium_java.tests.ErrorValidationTest -->
    </test> <!-- Default test -->
  </suite> <!-- Default suite -->
</testng-results>
